<?xml version="1.0" encoding="UTF-8"?>
<TestRun id="bce5f77c-6c23-4f5b-9c27-212f9a474b62" name="Andrei_Bonda@EPBYMINW3667 2012-12-04 12:29:55" runUser="MINSK\Andrei_Bonda" xmlns="http://microsoft.com/schemas/VisualStudio/TeamTest/2010">
  <TestSettings name="Local" id="d74361e1-9338-42ef-8c6d-f2893d2c5d7b">
    <Description>These are default test settings for a local test run.</Description>
    <Deployment enabled="false" runDeploymentRoot="Andrei_Bonda_EPBYMINW3667 2012-12-04 12_29_55">
      <DeploymentItem filename="C:\Users\Andrei_Bonda\Task1\packages\NHibernate\NHibernate.ByteCode.Castle.dll" />
      <DeploymentItem filename="C:\Users\Andrei_Bonda\Task1\Task.Web\bin\NHibernate.dll" />
      <DeploymentItem filename="C:\Users\Andrei_Bonda\Task1\Task.Web\bin\FluentNHibernate.dll" />
      <DeploymentItem filename="C:\Users\Andrei_Bonda\Task1\packages\Rhino.Mocks-3.6-Build-21\Rhino.Mocks.dll" />
      <DeploymentItem filename="C:\Users\Andrei_Bonda\Task1\Task.Web\bin\Ninject.dll" />
      <DeploymentItem filename="C:\Users\Andrei_Bonda\Task1\Task.Repositories\bin\Debug\Task.Repositories.dll" />
      <DeploymentItem filename="C:\Users\Andrei_Bonda\Task1\Task.Infrastructure\bin\Debug\Task.Infrastructure.dll" />
      <DeploymentItem filename="C:\Users\Andrei_Bonda\Task1\packages\SQLite\System.Data.SQLite.dll" />
      <DeploymentItem filename="C:\Users\Andrei_Bonda\Task1\Task.DALModels\bin\Debug\Task.DALModels.dll" />
    </Deployment>
    <Execution>
      <TestTypeSpecific />
      <AgentRule name="Execution Agents">
      </AgentRule>
    </Execution>
  </TestSettings>
  <Times creation="2012-12-04T12:29:55.2794465+03:00" queuing="2012-12-04T12:29:55.4014587+03:00" start="2012-12-04T12:29:55.4204606+03:00" finish="2012-12-04T12:29:59.7328918+03:00" />
  <ResultSummary outcome="Failed">
    <Counters total="2" executed="2" error="0" failed="2" timeout="0" aborted="0" inconclusive="0" passedButRunAborted="0" notRunnable="0" notExecuted="0" disconnected="0" warning="0" passed="0" completed="0" inProgress="0" pending="0" />
  </ResultSummary>
  <TestDefinitions>
    <UnitTest name="GetBeautifulGirls_returnsBeautifulGirlsInRightOrder_ReturnsTrue" storage="c:\users\andrei_bonda\task1\task.dataaccess.unittests\bin\debug\task.dataaccess.unittests.dll" id="2ce3faf0-e9fe-2613-4016-286460689456">
      <Execution id="b273e757-3940-42fb-9be6-7c22e292ed01" />
      <TestMethod codeBase="C:/Users/Andrei_Bonda/Task1/Task.DataAccess.UnitTests/bin/Debug/Task.DataAccess.UnitTests.DLL" adapterTypeName="Microsoft.VisualStudio.TestTools.TestTypes.Unit.UnitTestAdapter, Microsoft.VisualStudio.QualityTools.Tips.UnitTest.Adapter, Version=10.0.0.0, Culture=neutral, PublicKeyToken=b03f5f7f11d50a3a" className="Task.DataAccess.UnitTests.Repositories.GirlRepositoryTests, Task.DataAccess.UnitTests, Version=1.0.0.0, Culture=neutral, PublicKeyToken=null" name="GetBeautifulGirls_returnsBeautifulGirlsInRightOrder_ReturnsTrue" />
    </UnitTest>
    <UnitTest name="GetBeautifulGirls_returnsValidNumberOfBeautifulGirls_ReturnsTrue" storage="c:\users\andrei_bonda\task1\task.dataaccess.unittests\bin\debug\task.dataaccess.unittests.dll" id="36d6b748-f9a1-0ca6-ddb5-50045d1b1fe9">
      <Execution id="094259c2-0200-48b4-b3c7-c622fb93e138" />
      <TestMethod codeBase="C:/Users/Andrei_Bonda/Task1/Task.DataAccess.UnitTests/bin/Debug/Task.DataAccess.UnitTests.DLL" adapterTypeName="Microsoft.VisualStudio.TestTools.TestTypes.Unit.UnitTestAdapter, Microsoft.VisualStudio.QualityTools.Tips.UnitTest.Adapter, Version=10.0.0.0, Culture=neutral, PublicKeyToken=b03f5f7f11d50a3a" className="Task.DataAccess.UnitTests.Repositories.GirlRepositoryTests, Task.DataAccess.UnitTests, Version=1.0.0.0, Culture=neutral, PublicKeyToken=null" name="GetBeautifulGirls_returnsValidNumberOfBeautifulGirls_ReturnsTrue" />
    </UnitTest>
  </TestDefinitions>
  <TestLists>
    <TestList name="Results Not in a List" id="8c84fa94-04c1-424b-9868-57a2d4851a1d" />
    <TestList name="All Loaded Results" id="19431567-8539-422a-85d7-44ee4e166bda" />
  </TestLists>
  <TestEntries>
    <TestEntry testId="2ce3faf0-e9fe-2613-4016-286460689456" executionId="b273e757-3940-42fb-9be6-7c22e292ed01" testListId="8c84fa94-04c1-424b-9868-57a2d4851a1d" />
    <TestEntry testId="36d6b748-f9a1-0ca6-ddb5-50045d1b1fe9" executionId="094259c2-0200-48b4-b3c7-c622fb93e138" testListId="8c84fa94-04c1-424b-9868-57a2d4851a1d" />
  </TestEntries>
  <Results>
    <UnitTestResult executionId="b273e757-3940-42fb-9be6-7c22e292ed01" testId="2ce3faf0-e9fe-2613-4016-286460689456" testName="GetBeautifulGirls_returnsBeautifulGirlsInRightOrder_ReturnsTrue" computerName="EPBYMINW3667" duration="00:00:03.7352624" startTime="2012-12-04T12:29:55.4994685+03:00" endTime="2012-12-04T12:29:59.4688654+03:00" testType="13cdc9d9-ddb5-4fa4-a97d-d965ccfc6d4b" outcome="Failed" testListId="8c84fa94-04c1-424b-9868-57a2d4851a1d" relativeResultsDirectory="b273e757-3940-42fb-9be6-7c22e292ed01">
      <Output>
        <ErrorInfo>
          <Message>Initialization method Task.DataAccess.UnitTests.Repositories.GirlRepositoryTests.Initialize threw exception. System.ObjectDisposedException: System.ObjectDisposedException: Session is closed!
Object name: 'ISession'..</Message>
          <StackTrace>    at NHibernate.Impl.AbstractSessionImpl.ErrorIfClosed()
   at NHibernate.Impl.AbstractSessionImpl.CheckAndUpdateSessionStatus()
   at NHibernate.Impl.SessionImpl.FireSave(SaveOrUpdateEvent event)
   at NHibernate.Impl.SessionImpl.Save(Object obj)
   at Task.Repositories.BaseImplementation.NHibernateRepository`1.Add(T obj) in C:\Users\Andrei_Bonda\Task1\Task.Repositories\BaseImplementation\NHibernateRepository.cs:line 95
   at Task.DataAccess.UnitTests.Repositories.GirlRepositoryTests.CreateInitialData() in C:\Users\Andrei_Bonda\Task1\Task.DataAccess.UnitTests\Repositories\GirlRepositoryTests.cs:line 67
   at Task.DataAccess.UnitTests.Repositories.BaseImplementation.FixtureBase.Initialize() in C:\Users\Andrei_Bonda\Task1\Task.DataAccess.UnitTests\Repositories\BaseImplementation\FixtureBase.cs:line 28
</StackTrace>
        </ErrorInfo>
      </Output>
    </UnitTestResult>
    <UnitTestResult executionId="094259c2-0200-48b4-b3c7-c622fb93e138" testId="36d6b748-f9a1-0ca6-ddb5-50045d1b1fe9" testName="GetBeautifulGirls_returnsValidNumberOfBeautifulGirls_ReturnsTrue" computerName="EPBYMINW3667" duration="00:00:00.0051693" startTime="2012-12-04T12:29:59.4838669+03:00" endTime="2012-12-04T12:29:59.4938679+03:00" testType="13cdc9d9-ddb5-4fa4-a97d-d965ccfc6d4b" outcome="Failed" testListId="8c84fa94-04c1-424b-9868-57a2d4851a1d" relativeResultsDirectory="094259c2-0200-48b4-b3c7-c622fb93e138">
      <Output>
        <ErrorInfo>
          <Message>Initialization method Task.DataAccess.UnitTests.Repositories.GirlRepositoryTests.Initialize threw exception. System.ObjectDisposedException: System.ObjectDisposedException: Session is closed!
Object name: 'ISession'..</Message>
          <StackTrace>    at NHibernate.Impl.AbstractSessionImpl.ErrorIfClosed()
   at NHibernate.Impl.AbstractSessionImpl.CheckAndUpdateSessionStatus()
   at NHibernate.Impl.SessionImpl.FireSave(SaveOrUpdateEvent event)
   at NHibernate.Impl.SessionImpl.Save(Object obj)
   at Task.Repositories.BaseImplementation.NHibernateRepository`1.Add(T obj) in C:\Users\Andrei_Bonda\Task1\Task.Repositories\BaseImplementation\NHibernateRepository.cs:line 95
   at Task.DataAccess.UnitTests.Repositories.GirlRepositoryTests.CreateInitialData() in C:\Users\Andrei_Bonda\Task1\Task.DataAccess.UnitTests\Repositories\GirlRepositoryTests.cs:line 67
   at Task.DataAccess.UnitTests.Repositories.BaseImplementation.FixtureBase.Initialize() in C:\Users\Andrei_Bonda\Task1\Task.DataAccess.UnitTests\Repositories\BaseImplementation\FixtureBase.cs:line 28
</StackTrace>
        </ErrorInfo>
      </Output>
    </UnitTestResult>
  </Results>
</TestRun>