<?xml version="1.0" encoding="UTF-8"?>
<TestRun id="9fdd7cb0-3c9b-4a1f-a516-5aa3406ae50d" name="Andrei_Bonda@EPBYMINW3667 2012-12-03 16:53:41" runUser="MINSK\Andrei_Bonda" xmlns="http://microsoft.com/schemas/VisualStudio/TeamTest/2010">
  <TestSettings name="Local" id="d74361e1-9338-42ef-8c6d-f2893d2c5d7b">
    <Description>These are default test settings for a local test run.</Description>
    <Deployment enabled="false" runDeploymentRoot="Andrei_Bonda_EPBYMINW3667 2012-12-03 16_53_41">
      <DeploymentItem filename="C:\Users\Andrei_Bonda\Task1\Task.Web\bin\Ninject.dll" />
      <DeploymentItem filename="C:\Users\Andrei_Bonda\Task1\Task.DALModels\bin\Debug\Task.DALModels.dll" />
      <DeploymentItem filename="C:\Users\Andrei_Bonda\Task1\Task.Web\bin\FluentNHibernate.dll" />
      <DeploymentItem filename="C:\Users\Andrei_Bonda\Task1\Task.Repositories\bin\Debug\Task.Repositories.dll" />
      <DeploymentItem filename="C:\Users\Andrei_Bonda\Task1\Task.Web\bin\NHibernate.dll" />
      <DeploymentItem filename="C:\Users\Andrei_Bonda\Task1\packages\Rhino.Mocks-3.6-Build-21\Rhino.Mocks.dll" />
      <DeploymentItem filename="C:\Users\Andrei_Bonda\Task1\packages\NHibernate\NHibernate.ByteCode.Castle.dll" />
      <DeploymentItem filename="C:\Users\Andrei_Bonda\Task1\Task.Infrastructure\bin\Debug\Task.Infrastructure.dll" />
    </Deployment>
    <Execution>
      <TestTypeSpecific />
      <AgentRule name="Execution Agents">
      </AgentRule>
    </Execution>
  </TestSettings>
  <Times creation="2012-12-03T16:53:41.4988931+03:00" queuing="2012-12-03T16:53:43.2768931+03:00" start="2012-12-03T16:53:43.4828931+03:00" finish="2012-12-03T16:53:51.7178931+03:00" />
  <ResultSummary outcome="Error">
    <Counters total="2" executed="1" error="0" failed="0" timeout="0" aborted="1" inconclusive="0" passedButRunAborted="0" notRunnable="0" notExecuted="1" disconnected="0" warning="0" passed="0" completed="0" inProgress="0" pending="0" />
    <RunInfos>
      <RunInfo computerName="EPBYMINW3667" outcome="Error" timestamp="2012-12-03T16:53:51.7158931+03:00">
        <Text>Test host process exited unexpectedly.</Text>
      </RunInfo>
    </RunInfos>
  </ResultSummary>
  <TestDefinitions>
    <UnitTest name="GetBeautifulGirls_returnsBeautifulGirlsInRightOrder_ReturnsTrue" storage="c:\users\andrei_bonda\task1\task.dataaccess.unittests\bin\debug\task.dataaccess.unittests.dll" id="2ce3faf0-e9fe-2613-4016-286460689456">
      <Execution id="5855238f-79fc-4270-bc9f-bc8b4f89d117" />
      <TestMethod codeBase="C:/Users/Andrei_Bonda/Task1/Task.DataAccess.UnitTests/bin/Debug/Task.DataAccess.UnitTests.DLL" adapterTypeName="Microsoft.VisualStudio.TestTools.TestTypes.Unit.UnitTestAdapter, Microsoft.VisualStudio.QualityTools.Tips.UnitTest.Adapter, Version=10.0.0.0, Culture=neutral, PublicKeyToken=b03f5f7f11d50a3a" className="Task.DataAccess.UnitTests.Repositories.GirlRepositoryTests, Task.DataAccess.UnitTests, Version=1.0.0.0, Culture=neutral, PublicKeyToken=null" name="GetBeautifulGirls_returnsBeautifulGirlsInRightOrder_ReturnsTrue" />
    </UnitTest>
    <UnitTest name="GetBeautifulGirls_returnsValidNumberOfBeautifulGirls_ReturnsTrue" storage="c:\users\andrei_bonda\task1\task.dataaccess.unittests\bin\debug\task.dataaccess.unittests.dll" id="36d6b748-f9a1-0ca6-ddb5-50045d1b1fe9">
      <Execution id="84ab7eed-4246-44bc-905a-243f1edf0e3f" />
      <TestMethod codeBase="C:/Users/Andrei_Bonda/Task1/Task.DataAccess.UnitTests/bin/Debug/Task.DataAccess.UnitTests.DLL" adapterTypeName="Microsoft.VisualStudio.TestTools.TestTypes.Unit.UnitTestAdapter, Microsoft.VisualStudio.QualityTools.Tips.UnitTest.Adapter, Version=10.0.0.0, Culture=neutral, PublicKeyToken=b03f5f7f11d50a3a" className="Task.DataAccess.UnitTests.Repositories.GirlRepositoryTests, Task.DataAccess.UnitTests, Version=1.0.0.0, Culture=neutral, PublicKeyToken=null" name="GetBeautifulGirls_returnsValidNumberOfBeautifulGirls_ReturnsTrue" />
    </UnitTest>
  </TestDefinitions>
  <TestLists>
    <TestList name="Results Not in a List" id="8c84fa94-04c1-424b-9868-57a2d4851a1d" />
    <TestList name="All Loaded Results" id="19431567-8539-422a-85d7-44ee4e166bda" />
  </TestLists>
  <TestEntries>
    <TestEntry testId="2ce3faf0-e9fe-2613-4016-286460689456" executionId="5855238f-79fc-4270-bc9f-bc8b4f89d117" testListId="8c84fa94-04c1-424b-9868-57a2d4851a1d" />
    <TestEntry testId="36d6b748-f9a1-0ca6-ddb5-50045d1b1fe9" executionId="84ab7eed-4246-44bc-905a-243f1edf0e3f" testListId="8c84fa94-04c1-424b-9868-57a2d4851a1d" />
  </TestEntries>
  <Results>
    <UnitTestResult executionId="5855238f-79fc-4270-bc9f-bc8b4f89d117" testId="2ce3faf0-e9fe-2613-4016-286460689456" testName="GetBeautifulGirls_returnsBeautifulGirlsInRightOrder_ReturnsTrue" computerName="EPBYMINW3667" duration="00:00:07.9950000" startTime="2012-12-03T16:53:43.7228931+03:00" endTime="2012-12-03T16:53:51.7178931+03:00" testType="13cdc9d9-ddb5-4fa4-a97d-d965ccfc6d4b" outcome="Aborted" testListId="8c84fa94-04c1-424b-9868-57a2d4851a1d" relativeResultsDirectory="5855238f-79fc-4270-bc9f-bc8b4f89d117">
    </UnitTestResult>
    <UnitTestResult executionId="84ab7eed-4246-44bc-905a-243f1edf0e3f" testId="36d6b748-f9a1-0ca6-ddb5-50045d1b1fe9" testName="GetBeautifulGirls_returnsValidNumberOfBeautifulGirls_ReturnsTrue" computerName="EPBYMINW3667" testType="13cdc9d9-ddb5-4fa4-a97d-d965ccfc6d4b" outcome="NotExecuted" testListId="8c84fa94-04c1-424b-9868-57a2d4851a1d" relativeResultsDirectory="84ab7eed-4246-44bc-905a-243f1edf0e3f">
    </UnitTestResult>
  </Results>
</TestRun>