<?xml version="1.0" encoding="UTF-8"?>
<TestRun id="10f0cd1e-c903-4640-a1c2-c1b0718653e1" name="Andrei_Bonda@EPBYMINW3667 2012-12-04 11:55:28" runUser="MINSK\Andrei_Bonda" xmlns="http://microsoft.com/schemas/VisualStudio/TeamTest/2010">
  <TestSettings name="Local" id="d74361e1-9338-42ef-8c6d-f2893d2c5d7b">
    <Description>These are default test settings for a local test run.</Description>
    <Deployment enabled="false" runDeploymentRoot="Andrei_Bonda_EPBYMINW3667 2012-12-04 11_55_28">
      <DeploymentItem filename="C:\Users\Andrei_Bonda\Task1\packages\NHibernate\NHibernate.ByteCode.Castle.dll" />
      <DeploymentItem filename="C:\Users\Andrei_Bonda\Task1\Task.Web\bin\NHibernate.dll" />
      <DeploymentItem filename="C:\Users\Andrei_Bonda\Task1\Task.Web\bin\FluentNHibernate.dll" />
      <DeploymentItem filename="C:\Users\Andrei_Bonda\Task1\packages\Rhino.Mocks-3.6-Build-21\Rhino.Mocks.dll" />
      <DeploymentItem filename="C:\Users\Andrei_Bonda\Task1\Task.Web\bin\Ninject.dll" />
      <DeploymentItem filename="C:\Users\Andrei_Bonda\Task1\Task.Repositories\bin\Debug\Task.Repositories.dll" />
      <DeploymentItem filename="C:\Users\Andrei_Bonda\Task1\Task.Infrastructure\bin\Debug\Task.Infrastructure.dll" />
      <DeploymentItem filename="C:\Users\Andrei_Bonda\Task1\packages\SQLite\System.Data.SQLite.dll" />
      <DeploymentItem filename="C:\Users\Andrei_Bonda\Task1\Task.DALModels\bin\Debug\Task.DALModels.dll" />
    </Deployment>
    <Execution>
      <TestTypeSpecific />
      <AgentRule name="Execution Agents">
      </AgentRule>
    </Execution>
  </TestSettings>
  <Times creation="2012-12-04T11:55:28.8848136+03:00" queuing="2012-12-04T11:55:32.1981449+03:00" start="2012-12-04T11:55:32.3811632+03:00" finish="2012-12-04T11:55:55.7444993+03:00" />
  <ResultSummary outcome="Error">
    <Counters total="2" executed="1" error="0" failed="0" timeout="0" aborted="1" inconclusive="0" passedButRunAborted="0" notRunnable="0" notExecuted="1" disconnected="0" warning="0" passed="0" completed="0" inProgress="0" pending="0" />
    <RunInfos>
      <RunInfo computerName="EPBYMINW3667" outcome="Error" timestamp="2012-12-04T11:55:55.7424991+03:00">
        <Text>Test host process exited unexpectedly.</Text>
      </RunInfo>
    </RunInfos>
  </ResultSummary>
  <TestDefinitions>
    <UnitTest name="GetBeautifulGirls_returnsBeautifulGirlsInRightOrder_ReturnsTrue" storage="c:\users\andrei_bonda\task1\task.dataaccess.unittests\bin\debug\task.dataaccess.unittests.dll" id="2ce3faf0-e9fe-2613-4016-286460689456">
      <Execution id="6b4cce70-3f27-4598-b5d4-d2ff82330dc9" />
      <TestMethod codeBase="C:/Users/Andrei_Bonda/Task1/Task.DataAccess.UnitTests/bin/Debug/Task.DataAccess.UnitTests.DLL" adapterTypeName="Microsoft.VisualStudio.TestTools.TestTypes.Unit.UnitTestAdapter, Microsoft.VisualStudio.QualityTools.Tips.UnitTest.Adapter, Version=10.0.0.0, Culture=neutral, PublicKeyToken=b03f5f7f11d50a3a" className="Task.DataAccess.UnitTests.Repositories.GirlRepositoryTests, Task.DataAccess.UnitTests, Version=1.0.0.0, Culture=neutral, PublicKeyToken=null" name="GetBeautifulGirls_returnsBeautifulGirlsInRightOrder_ReturnsTrue" />
    </UnitTest>
    <UnitTest name="GetBeautifulGirls_returnsValidNumberOfBeautifulGirls_ReturnsTrue" storage="c:\users\andrei_bonda\task1\task.dataaccess.unittests\bin\debug\task.dataaccess.unittests.dll" id="36d6b748-f9a1-0ca6-ddb5-50045d1b1fe9">
      <Execution id="1b330fbe-864a-4b92-8a2d-a455a6597440" />
      <TestMethod codeBase="C:/Users/Andrei_Bonda/Task1/Task.DataAccess.UnitTests/bin/Debug/Task.DataAccess.UnitTests.DLL" adapterTypeName="Microsoft.VisualStudio.TestTools.TestTypes.Unit.UnitTestAdapter, Microsoft.VisualStudio.QualityTools.Tips.UnitTest.Adapter, Version=10.0.0.0, Culture=neutral, PublicKeyToken=b03f5f7f11d50a3a" className="Task.DataAccess.UnitTests.Repositories.GirlRepositoryTests, Task.DataAccess.UnitTests, Version=1.0.0.0, Culture=neutral, PublicKeyToken=null" name="GetBeautifulGirls_returnsValidNumberOfBeautifulGirls_ReturnsTrue" />
    </UnitTest>
  </TestDefinitions>
  <TestLists>
    <TestList name="Results Not in a List" id="8c84fa94-04c1-424b-9868-57a2d4851a1d" />
    <TestList name="All Loaded Results" id="19431567-8539-422a-85d7-44ee4e166bda" />
  </TestLists>
  <TestEntries>
    <TestEntry testId="2ce3faf0-e9fe-2613-4016-286460689456" executionId="6b4cce70-3f27-4598-b5d4-d2ff82330dc9" testListId="8c84fa94-04c1-424b-9868-57a2d4851a1d" />
    <TestEntry testId="36d6b748-f9a1-0ca6-ddb5-50045d1b1fe9" executionId="1b330fbe-864a-4b92-8a2d-a455a6597440" testListId="8c84fa94-04c1-424b-9868-57a2d4851a1d" />
  </TestEntries>
  <Results>
    <UnitTestResult executionId="6b4cce70-3f27-4598-b5d4-d2ff82330dc9" testId="2ce3faf0-e9fe-2613-4016-286460689456" testName="GetBeautifulGirls_returnsBeautifulGirlsInRightOrder_ReturnsTrue" computerName="EPBYMINW3667" duration="00:00:23.1163114" startTime="2012-12-04T11:55:32.6271878+03:00" endTime="2012-12-04T11:55:55.7434992+03:00" testType="13cdc9d9-ddb5-4fa4-a97d-d965ccfc6d4b" outcome="Aborted" testListId="8c84fa94-04c1-424b-9868-57a2d4851a1d" relativeResultsDirectory="6b4cce70-3f27-4598-b5d4-d2ff82330dc9">
    </UnitTestResult>
    <UnitTestResult executionId="1b330fbe-864a-4b92-8a2d-a455a6597440" testId="36d6b748-f9a1-0ca6-ddb5-50045d1b1fe9" testName="GetBeautifulGirls_returnsValidNumberOfBeautifulGirls_ReturnsTrue" computerName="EPBYMINW3667" testType="13cdc9d9-ddb5-4fa4-a97d-d965ccfc6d4b" outcome="NotExecuted" testListId="8c84fa94-04c1-424b-9868-57a2d4851a1d" relativeResultsDirectory="1b330fbe-864a-4b92-8a2d-a455a6597440">
    </UnitTestResult>
  </Results>
</TestRun>