<?xml version="1.0" encoding="UTF-8"?>
<TestRun id="de8395bd-3c9e-4c64-a25c-594cd2cb655c" name="Andrei_Bonda@EPBYMINW3667 2012-10-23 14:43:44" runUser="MINSK\Andrei_Bonda" xmlns="http://microsoft.com/schemas/VisualStudio/TeamTest/2010">
  <TestSettings name="Default Test Settings" id="9332c35b-d141-4672-ba33-61e97cf423df">
    <Deployment runDeploymentRoot="Andrei_Bonda_EPBYMINW3667 2012-10-23 14_43_44">
      <DeploymentItem filename="C:\Users\Andrei_Bonda\Dropbox\Task\Task.Repositories\bin\Debug\Task.Repositories.dll" />
      <DeploymentItem filename="C:\Users\Andrei_Bonda\Dropbox\Task\packages\NHibernate\FluentNHibernate.dll" />
      <DeploymentItem filename="C:\Users\Andrei_Bonda\Dropbox\Task\packages\NHibernate\NHibernate.ByteCode.Castle.dll" />
      <DeploymentItem filename="C:\Users\Andrei_Bonda\Dropbox\Task\Task.DALModels\bin\Debug\Task.DALModels.dll" />
      <DeploymentItem filename="C:\Users\Andrei_Bonda\Dropbox\Task\Task.Web\bin\Task.Web.dll" />
      <DeploymentItem filename="C:\Users\Andrei_Bonda\Dropbox\Task\Task.Services\bin\Debug\Task.Services.dll" />
      <DeploymentItem filename="C:\Users\Andrei_Bonda\Dropbox\Task\Task.Tests\bin\Debug\Ninject.dll" />
      <DeploymentItem filename="C:\Users\Andrei_Bonda\Dropbox\Task\packages\NHibernate\NHibernate.dll" />
      <DeploymentItem filename="C:\Users\Andrei_Bonda\Dropbox\Task\packages\Moq\Moq.dll" />
      <DeploymentItem filename="C:\Users\Andrei_Bonda\Dropbox\Task\packages\SQLite\System.Data.SQLite.dll" />
      <DeploymentItem filename="C:\Users\Andrei_Bonda\Dropbox\Task\Task.Infrastructure\bin\Debug\Task.Infrastructure.dll" />
    </Deployment>
    <Execution>
      <TestTypeSpecific />
      <AgentRule name="Execution Agents">
      </AgentRule>
    </Execution>
  </TestSettings>
  <Times creation="2012-10-23T14:43:44.9832238+03:00" queuing="2012-10-23T14:43:49.1076362+03:00" start="2012-10-23T14:43:49.2016456+03:00" finish="2012-10-23T14:43:53.4030657+03:00" />
  <ResultSummary outcome="Failed">
    <Counters total="3" executed="3" error="0" failed="3" timeout="0" aborted="0" inconclusive="0" passedButRunAborted="0" notRunnable="0" notExecuted="0" disconnected="0" warning="0" passed="0" completed="0" inProgress="0" pending="0" />
  </ResultSummary>
  <TestDefinitions>
    <UnitTest name="GirlRepositoryGetBeautifulGirls1" storage="c:\users\andrei_bonda\dropbox\task\task.tests\bin\debug\task.tests.dll" id="80be532d-b20b-6284-93df-44262a940f14">
      <Execution id="48bb5b5b-cffb-420c-bd5e-705dffb7f056" />
      <TestMethod codeBase="C:/Users/Andrei_Bonda/Dropbox/Task/Task.Tests/bin/Debug/Task.Tests.DLL" adapterTypeName="Microsoft.VisualStudio.TestTools.TestTypes.Unit.UnitTestAdapter, Microsoft.VisualStudio.QualityTools.Tips.UnitTest.Adapter, Version=10.0.0.0, Culture=neutral, PublicKeyToken=b03f5f7f11d50a3a" className="Task.Tests.Repositories.GirlRepositoryTest, Task.Tests, Version=1.0.0.0, Culture=neutral, PublicKeyToken=null" name="GirlRepositoryGetBeautifulGirls1" />
    </UnitTest>
    <UnitTest name="GirlServiceGetBeautifulGirls1" storage="c:\users\andrei_bonda\dropbox\task\task.tests\bin\debug\task.tests.dll" id="b5c3e262-a811-1500-a3f1-31495bf95113">
      <Execution id="347338be-30c3-4530-9572-5284def8f472" />
      <TestMethod codeBase="C:/Users/Andrei_Bonda/Dropbox/Task/Task.Tests/bin/Debug/Task.Tests.DLL" adapterTypeName="Microsoft.VisualStudio.TestTools.TestTypes.Unit.UnitTestAdapter, Microsoft.VisualStudio.QualityTools.Tips.UnitTest.Adapter, Version=10.0.0.0, Culture=neutral, PublicKeyToken=b03f5f7f11d50a3a" className="Task.Tests.Services.GirlServiceTest, Task.Tests, Version=1.0.0.0, Culture=neutral, PublicKeyToken=null" name="GirlServiceGetBeautifulGirls1" />
    </UnitTest>
    <UnitTest name="GirlRepositoryGetBeautifulGirls2" storage="c:\users\andrei_bonda\dropbox\task\task.tests\bin\debug\task.tests.dll" id="acf37ba6-8efe-31ef-6f23-1a3cb3b9f99b">
      <Execution id="14700890-f80a-4035-af9c-c83782dae8e0" />
      <TestMethod codeBase="C:/Users/Andrei_Bonda/Dropbox/Task/Task.Tests/bin/Debug/Task.Tests.DLL" adapterTypeName="Microsoft.VisualStudio.TestTools.TestTypes.Unit.UnitTestAdapter, Microsoft.VisualStudio.QualityTools.Tips.UnitTest.Adapter, Version=10.0.0.0, Culture=neutral, PublicKeyToken=b03f5f7f11d50a3a" className="Task.Tests.Repositories.GirlRepositoryTest, Task.Tests, Version=1.0.0.0, Culture=neutral, PublicKeyToken=null" name="GirlRepositoryGetBeautifulGirls2" />
    </UnitTest>
  </TestDefinitions>
  <TestLists>
    <TestList name="Results Not in a List" id="8c84fa94-04c1-424b-9868-57a2d4851a1d" />
    <TestList name="All Loaded Results" id="19431567-8539-422a-85d7-44ee4e166bda" />
  </TestLists>
  <TestEntries>
    <TestEntry testId="80be532d-b20b-6284-93df-44262a940f14" executionId="48bb5b5b-cffb-420c-bd5e-705dffb7f056" testListId="8c84fa94-04c1-424b-9868-57a2d4851a1d" />
    <TestEntry testId="acf37ba6-8efe-31ef-6f23-1a3cb3b9f99b" executionId="14700890-f80a-4035-af9c-c83782dae8e0" testListId="8c84fa94-04c1-424b-9868-57a2d4851a1d" />
    <TestEntry testId="b5c3e262-a811-1500-a3f1-31495bf95113" executionId="347338be-30c3-4530-9572-5284def8f472" testListId="8c84fa94-04c1-424b-9868-57a2d4851a1d" />
  </TestEntries>
  <Results>
    <UnitTestResult executionId="48bb5b5b-cffb-420c-bd5e-705dffb7f056" testId="80be532d-b20b-6284-93df-44262a940f14" testName="GirlRepositoryGetBeautifulGirls1" computerName="EPBYMINW3667" duration="00:00:02.6773649" startTime="2012-10-23T14:43:49.3226577+03:00" endTime="2012-10-23T14:43:53.0220276+03:00" testType="13cdc9d9-ddb5-4fa4-a97d-d965ccfc6d4b" outcome="Failed" testListId="8c84fa94-04c1-424b-9868-57a2d4851a1d" relativeResultsDirectory="48bb5b5b-cffb-420c-bd5e-705dffb7f056">
      <Output>
        <ErrorInfo>
          <Message>Test method Task.Tests.Repositories.GirlRepositoryTest.GirlRepositoryGetBeautifulGirls1 threw exception: 
System.NullReferenceException: Object reference not set to an instance of an object.</Message>
          <StackTrace>    at Task.Repositories.NHibernate.FluentInitializer.GetConfiguration() in C:\Users\Andrei_Bonda\Dropbox\Task\Task.Repositories\NHibernate\FluentInitializer.cs:line 14
   at Task.Repositories.NHibernate.SessionProvider.get_Configuration() in C:\Users\Andrei_Bonda\Dropbox\Task\Task.Repositories\NHibernate\SessionProvider.cs:line 67
   at Task.Repositories.NHibernate.SessionProvider.get_GetSessionFactory() in C:\Users\Andrei_Bonda\Dropbox\Task\Task.Repositories\NHibernate\SessionProvider.cs:line 30
   at Task.Repositories.NHibernate.SessionProvider.GetSession() in C:\Users\Andrei_Bonda\Dropbox\Task\Task.Repositories\NHibernate\SessionProvider.cs:line 40
   at Task.Repositories.Abstract.NHibernateRepository`1.get_Session() in C:\Users\Andrei_Bonda\Dropbox\Task\Task.Repositories\Abstract\NHibernateRepository.cs:line 22
   at Task.Repositories.Abstract.NHibernateRepository`1.Add(T obj) in C:\Users\Andrei_Bonda\Dropbox\Task\Task.Repositories\Abstract\NHibernateRepository.cs:line 60
   at Task.Tests.Repositories.GirlRepositoryTest.GirlRepositoryGetBeautifulGirls1() in C:\Users\Andrei_Bonda\Dropbox\Task\Task.Tests\Repositories\GirlRepositoryTest.cs:line 47
</StackTrace>
        </ErrorInfo>
      </Output>
    </UnitTestResult>
    <UnitTestResult executionId="14700890-f80a-4035-af9c-c83782dae8e0" testId="acf37ba6-8efe-31ef-6f23-1a3cb3b9f99b" testName="GirlRepositoryGetBeautifulGirls2" computerName="EPBYMINW3667" duration="00:00:00.0457100" startTime="2012-10-23T14:43:53.0360290+03:00" endTime="2012-10-23T14:43:53.0850339+03:00" testType="13cdc9d9-ddb5-4fa4-a97d-d965ccfc6d4b" outcome="Failed" testListId="8c84fa94-04c1-424b-9868-57a2d4851a1d" relativeResultsDirectory="14700890-f80a-4035-af9c-c83782dae8e0">
      <Output>
        <ErrorInfo>
          <Message>Test method Task.Tests.Repositories.GirlRepositoryTest.GirlRepositoryGetBeautifulGirls2 threw exception: 
System.NullReferenceException: Object reference not set to an instance of an object.</Message>
          <StackTrace>    at Task.Repositories.NHibernate.FluentInitializer.GetConfiguration() in C:\Users\Andrei_Bonda\Dropbox\Task\Task.Repositories\NHibernate\FluentInitializer.cs:line 14
   at Task.Repositories.NHibernate.SessionProvider.get_Configuration() in C:\Users\Andrei_Bonda\Dropbox\Task\Task.Repositories\NHibernate\SessionProvider.cs:line 67
   at Task.Repositories.NHibernate.SessionProvider.get_GetSessionFactory() in C:\Users\Andrei_Bonda\Dropbox\Task\Task.Repositories\NHibernate\SessionProvider.cs:line 30
   at Task.Repositories.NHibernate.SessionProvider.GetSession() in C:\Users\Andrei_Bonda\Dropbox\Task\Task.Repositories\NHibernate\SessionProvider.cs:line 40
   at Task.Repositories.Abstract.NHibernateRepository`1.get_Session() in C:\Users\Andrei_Bonda\Dropbox\Task\Task.Repositories\Abstract\NHibernateRepository.cs:line 22
   at Task.Repositories.Abstract.NHibernateRepository`1.Add(T obj) in C:\Users\Andrei_Bonda\Dropbox\Task\Task.Repositories\Abstract\NHibernateRepository.cs:line 60
   at Task.Tests.Repositories.GirlRepositoryTest.GirlRepositoryGetBeautifulGirls2() in C:\Users\Andrei_Bonda\Dropbox\Task\Task.Tests\Repositories\GirlRepositoryTest.cs:line 74
</StackTrace>
        </ErrorInfo>
      </Output>
    </UnitTestResult>
    <UnitTestResult executionId="347338be-30c3-4530-9572-5284def8f472" testId="b5c3e262-a811-1500-a3f1-31495bf95113" testName="GirlServiceGetBeautifulGirls1" computerName="EPBYMINW3667" duration="00:00:00.1791217" startTime="2012-10-23T14:43:53.1010355+03:00" endTime="2012-10-23T14:43:53.2950549+03:00" testType="13cdc9d9-ddb5-4fa4-a97d-d965ccfc6d4b" outcome="Failed" testListId="8c84fa94-04c1-424b-9868-57a2d4851a1d" relativeResultsDirectory="347338be-30c3-4530-9572-5284def8f472">
      <Output>
        <ErrorInfo>
          <Message>Test method Task.Tests.Services.GirlServiceTest.GirlServiceGetBeautifulGirls1 threw exception: 
System.NullReferenceException: Object reference not set to an instance of an object.</Message>
          <StackTrace>    at Task.Repositories.NHibernate.FluentInitializer.GetConfiguration() in C:\Users\Andrei_Bonda\Dropbox\Task\Task.Repositories\NHibernate\FluentInitializer.cs:line 14
   at Task.Repositories.NHibernate.SessionProvider.get_Configuration() in C:\Users\Andrei_Bonda\Dropbox\Task\Task.Repositories\NHibernate\SessionProvider.cs:line 67
   at Task.Repositories.NHibernate.SessionProvider.get_GetSessionFactory() in C:\Users\Andrei_Bonda\Dropbox\Task\Task.Repositories\NHibernate\SessionProvider.cs:line 30
   at Task.Repositories.NHibernate.SessionProvider.GetSession() in C:\Users\Andrei_Bonda\Dropbox\Task\Task.Repositories\NHibernate\SessionProvider.cs:line 40
   at Task.Repositories.Abstract.NHibernateRepository`1.get_Session() in C:\Users\Andrei_Bonda\Dropbox\Task\Task.Repositories\Abstract\NHibernateRepository.cs:line 22
   at Task.Repositories.Abstract.NHibernateRepository`1.Add(T obj) in C:\Users\Andrei_Bonda\Dropbox\Task\Task.Repositories\Abstract\NHibernateRepository.cs:line 60
   at Task.Services.Abstract.BaseService`1.Add(T obj) in C:\Users\Andrei_Bonda\Dropbox\Task\Task.Services\Abstract\BaseService.cs:line 20
   at Task.Tests.Services.GirlServiceTest.GirlServiceGetBeautifulGirls1() in C:\Users\Andrei_Bonda\Dropbox\Task\Task.Tests\Services\GirlServiceTest.cs:line 50
</StackTrace>
        </ErrorInfo>
      </Output>
    </UnitTestResult>
  </Results>
</TestRun>