<?xml version="1.0" encoding="UTF-8"?>
<TestRun id="100111f4-2740-4d21-9164-a8f028d6d140" name="Andrei_Bonda@EPBYMINW3667 2012-12-04 12:02:56" runUser="MINSK\Andrei_Bonda" xmlns="http://microsoft.com/schemas/VisualStudio/TeamTest/2010">
  <TestSettings name="Local" id="d74361e1-9338-42ef-8c6d-f2893d2c5d7b">
    <Description>These are default test settings for a local test run.</Description>
    <Deployment enabled="false" runDeploymentRoot="Andrei_Bonda_EPBYMINW3667 2012-12-04 12_02_56">
      <DeploymentItem filename="C:\Users\Andrei_Bonda\Task1\packages\NHibernate\NHibernate.ByteCode.Castle.dll" />
      <DeploymentItem filename="C:\Users\Andrei_Bonda\Task1\Task.Web\bin\NHibernate.dll" />
      <DeploymentItem filename="C:\Users\Andrei_Bonda\Task1\Task.Web\bin\FluentNHibernate.dll" />
      <DeploymentItem filename="C:\Users\Andrei_Bonda\Task1\packages\Rhino.Mocks-3.6-Build-21\Rhino.Mocks.dll" />
      <DeploymentItem filename="C:\Users\Andrei_Bonda\Task1\Task.Web\bin\Ninject.dll" />
      <DeploymentItem filename="C:\Users\Andrei_Bonda\Task1\Task.Repositories\bin\Debug\Task.Repositories.dll" />
      <DeploymentItem filename="C:\Users\Andrei_Bonda\Task1\Task.Infrastructure\bin\Debug\Task.Infrastructure.dll" />
      <DeploymentItem filename="C:\Users\Andrei_Bonda\Task1\packages\SQLite\System.Data.SQLite.dll" />
      <DeploymentItem filename="C:\Users\Andrei_Bonda\Task1\Task.DALModels\bin\Debug\Task.DALModels.dll" />
    </Deployment>
    <Execution>
      <TestTypeSpecific />
      <AgentRule name="Execution Agents">
      </AgentRule>
    </Execution>
  </TestSettings>
  <Times creation="2012-12-04T12:02:56.1265333+03:00" queuing="2012-12-04T12:02:58.8728079+03:00" start="2012-12-04T12:02:59.3948601+03:00" finish="2012-12-04T12:03:52.9903057+03:00" />
  <ResultSummary outcome="Error">
    <Counters total="2" executed="1" error="0" failed="0" timeout="0" aborted="1" inconclusive="0" passedButRunAborted="0" notRunnable="0" notExecuted="1" disconnected="0" warning="0" passed="0" completed="0" inProgress="0" pending="0" />
    <RunInfos>
      <RunInfo computerName="EPBYMINW3667" outcome="Error" timestamp="2012-12-04T12:03:52.9083057+03:00">
        <Text>Test host process exited unexpectedly.</Text>
      </RunInfo>
    </RunInfos>
  </ResultSummary>
  <TestDefinitions>
    <UnitTest name="GetBeautifulGirls_returnsBeautifulGirlsInRightOrder_ReturnsTrue" storage="c:\users\andrei_bonda\task1\task.dataaccess.unittests\bin\debug\task.dataaccess.unittests.dll" id="2ce3faf0-e9fe-2613-4016-286460689456">
      <Execution id="b625f6d1-9c4b-4154-a008-8ea64758a38e" />
      <TestMethod codeBase="C:/Users/Andrei_Bonda/Task1/Task.DataAccess.UnitTests/bin/Debug/Task.DataAccess.UnitTests.DLL" adapterTypeName="Microsoft.VisualStudio.TestTools.TestTypes.Unit.UnitTestAdapter, Microsoft.VisualStudio.QualityTools.Tips.UnitTest.Adapter, Version=10.0.0.0, Culture=neutral, PublicKeyToken=b03f5f7f11d50a3a" className="Task.DataAccess.UnitTests.Repositories.GirlRepositoryTests, Task.DataAccess.UnitTests, Version=1.0.0.0, Culture=neutral, PublicKeyToken=null" name="GetBeautifulGirls_returnsBeautifulGirlsInRightOrder_ReturnsTrue" />
    </UnitTest>
    <UnitTest name="GetBeautifulGirls_returnsValidNumberOfBeautifulGirls_ReturnsTrue" storage="c:\users\andrei_bonda\task1\task.dataaccess.unittests\bin\debug\task.dataaccess.unittests.dll" id="36d6b748-f9a1-0ca6-ddb5-50045d1b1fe9">
      <Execution id="f7dc800e-9b9c-4233-ab1e-10dc6ce914cf" />
      <TestMethod codeBase="C:/Users/Andrei_Bonda/Task1/Task.DataAccess.UnitTests/bin/Debug/Task.DataAccess.UnitTests.DLL" adapterTypeName="Microsoft.VisualStudio.TestTools.TestTypes.Unit.UnitTestAdapter, Microsoft.VisualStudio.QualityTools.Tips.UnitTest.Adapter, Version=10.0.0.0, Culture=neutral, PublicKeyToken=b03f5f7f11d50a3a" className="Task.DataAccess.UnitTests.Repositories.GirlRepositoryTests, Task.DataAccess.UnitTests, Version=1.0.0.0, Culture=neutral, PublicKeyToken=null" name="GetBeautifulGirls_returnsValidNumberOfBeautifulGirls_ReturnsTrue" />
    </UnitTest>
  </TestDefinitions>
  <TestLists>
    <TestList name="Results Not in a List" id="8c84fa94-04c1-424b-9868-57a2d4851a1d" />
    <TestList name="All Loaded Results" id="19431567-8539-422a-85d7-44ee4e166bda" />
  </TestLists>
  <TestEntries>
    <TestEntry testId="2ce3faf0-e9fe-2613-4016-286460689456" executionId="b625f6d1-9c4b-4154-a008-8ea64758a38e" testListId="8c84fa94-04c1-424b-9868-57a2d4851a1d" />
    <TestEntry testId="36d6b748-f9a1-0ca6-ddb5-50045d1b1fe9" executionId="f7dc800e-9b9c-4233-ab1e-10dc6ce914cf" testListId="8c84fa94-04c1-424b-9868-57a2d4851a1d" />
  </TestEntries>
  <Results>
    <UnitTestResult executionId="b625f6d1-9c4b-4154-a008-8ea64758a38e" testId="2ce3faf0-e9fe-2613-4016-286460689456" testName="GetBeautifulGirls_returnsBeautifulGirlsInRightOrder_ReturnsTrue" computerName="EPBYMINW3667" duration="00:00:53.2954156" startTime="2012-12-04T12:02:59.6948901+03:00" endTime="2012-12-04T12:03:52.9903057+03:00" testType="13cdc9d9-ddb5-4fa4-a97d-d965ccfc6d4b" outcome="Aborted" testListId="8c84fa94-04c1-424b-9868-57a2d4851a1d" relativeResultsDirectory="b625f6d1-9c4b-4154-a008-8ea64758a38e">
    </UnitTestResult>
    <UnitTestResult executionId="f7dc800e-9b9c-4233-ab1e-10dc6ce914cf" testId="36d6b748-f9a1-0ca6-ddb5-50045d1b1fe9" testName="GetBeautifulGirls_returnsValidNumberOfBeautifulGirls_ReturnsTrue" computerName="EPBYMINW3667" testType="13cdc9d9-ddb5-4fa4-a97d-d965ccfc6d4b" outcome="NotExecuted" testListId="8c84fa94-04c1-424b-9868-57a2d4851a1d" relativeResultsDirectory="f7dc800e-9b9c-4233-ab1e-10dc6ce914cf">
    </UnitTestResult>
  </Results>
</TestRun>